2022-10-27 16:14:53> Program: Starting Squirrel Updater: --install .
2022-10-27 16:14:54> Program: Starting install, writing to C:\Users\lenovo\AppData\Local\SquirrelTemp
2022-10-27 16:14:54> Program: About to install to: C:\Users\lenovo\AppData\Local\Figma
2022-10-27 16:14:54> CheckForUpdateImpl: Couldn't write out staging user ID, this user probably shouldn't get beta anything: System.IO.DirectoryNotFoundException: Не удалось найти часть пути "C:\Users\lenovo\AppData\Local\Figma\packages\.betaId".
   в System.IO.__Error.WinIOError(Int32 errorCode, String maybeFullPath)
   в System.IO.FileStream.Init(String path, FileMode mode, FileAccess access, Int32 rights, Boolean useRights, FileShare share, Int32 bufferSize, FileOptions options, SECURITY_ATTRIBUTES secAttrs, String msgPath, Boolean bFromProxy, Boolean useLongPath, Boolean checkHost)
   в System.IO.FileStream..ctor(String path, FileMode mode, FileAccess access, FileShare share, Int32 bufferSize, FileOptions options, String msgPath, Boolean bFromProxy, Boolean useLongPath, Boolean checkHost)
   в System.IO.StreamWriter.CreateFile(String path, Boolean append, Boolean checkHost)
   в System.IO.StreamWriter..ctor(String path, Boolean append, Encoding encoding, Int32 bufferSize, Boolean checkHost)
   в System.IO.File.InternalWriteAllText(String path, String contents, Encoding encoding, Boolean checkHost)
   в System.IO.File.WriteAllText(String path, String contents, Encoding encoding)
   в Squirrel.UpdateManager.CheckForUpdateImpl.getOrCreateStagedUserId()
2022-10-27 16:14:54> CheckForUpdateImpl: Failed to load local releases, starting from scratch: System.IO.DirectoryNotFoundException: Не удалось найти часть пути "C:\Users\lenovo\AppData\Local\Figma\packages\RELEASES".
   в System.IO.__Error.WinIOError(Int32 errorCode, String maybeFullPath)
   в System.IO.FileStream.Init(String path, FileMode mode, FileAccess access, Int32 rights, Boolean useRights, FileShare share, Int32 bufferSize, FileOptions options, SECURITY_ATTRIBUTES secAttrs, String msgPath, Boolean bFromProxy, Boolean useLongPath, Boolean checkHost)
   в System.IO.FileStream..ctor(String path, FileMode mode, FileAccess access, FileShare share)
   в Squirrel.Utility.LoadLocalReleases(String localReleaseFile)
   в Squirrel.UpdateManager.CheckForUpdateImpl.<CheckForUpdate>d__2.MoveNext()
2022-10-27 16:14:54> CheckForUpdateImpl: Reading RELEASES file from C:\Users\lenovo\AppData\Local\SquirrelTemp
2022-10-27 16:14:54> CheckForUpdateImpl: First run or local directory is corrupt, starting from scratch
2022-10-27 16:14:56> ApplyReleasesImpl: Writing files to app directory: C:\Users\lenovo\AppData\Local\Figma\app-116.4.2
2022-10-27 16:15:01> LogHost: Rigging execution stub for Figma_ExecutionStub.exe to C:\Users\lenovo\AppData\Local\Figma\Figma.exe
2022-10-27 16:15:05> ApplyReleasesImpl: Squirrel Enabled Apps: [C:\Users\lenovo\AppData\Local\Figma\app-116.4.2\Figma.exe]
2022-10-27 16:15:09> ApplyReleasesImpl: Starting fixPinnedExecutables
2022-10-27 16:15:09> ApplyReleasesImpl: Examining Pin: File Explorer.lnk
2022-10-27 16:15:09> ApplyReleasesImpl: Examining Pin: Google Chrome.lnk
2022-10-27 16:15:09> ApplyReleasesImpl: Examining Pin: Microsoft Edge.lnk
2022-10-27 16:15:09> ApplyReleasesImpl: Examining Pin: Telegram.lnk
2022-10-27 16:15:09> ApplyReleasesImpl: Examining Pin: Visual Studio Code.lnk
2022-10-27 16:15:09> ApplyReleasesImpl: Examining Pin: YouTube.lnk
2022-10-27 16:15:09> ApplyReleasesImpl: Fixing up tray icons
2022-10-27 16:15:09> ApplyReleasesImpl: cleanDeadVersions: for version 116.4.2
2022-10-27 16:15:09> ApplyReleasesImpl: cleanDeadVersions: exclude folder app-116.4.2
2022-10-27 16:15:09> ApplyReleasesImpl: cleanDeadVersions: exclude folder app-116.4.2
ewuoi exee releaseser getOrCreateStagedUserIdr useRightsar iconsea rgea
aer [getOrCreateStagedUserIda rga[ packagesrgrepgqw 
writewe 
releaseser 
releasesere
releaseserrr
releaseserrrr
getfg
d__2a
filegdf
getdfg
accessr
anythingagea 